$ /Library/Frameworks/Python.framework/Versions/3.14/bin/python3 rfam_eqs_coupled.py --config /Users/mattmccoy/GaTech Dropbox/Matthew McCoy/mattmccoy-research/research/binderjet/code/geo-prewarp/configs/_gui_generated/20260301-224309-690b12_L_shape_turntable_run_turntable.yaml --output-dir /Users/mattmccoy/GaTech Dropbox/Matthew McCoy/mattmccoy-research/research/binderjet/code/geo-prewarp/outputs_eqs/L_shape_turntable_run
  [turntable] Phase 0: angle=0°  (5 phase(s) total)
  [turntable] Phase 1: rotated to 90° at t=125.0s  (φ_mean=0.202 ≥ 0.200)
  [turntable] Phase 2: rotated to 180° at t=125.5s  (φ_mean=0.202 ≥ 0.200)
  [turntable] Phase 3: rotated to 270° at t=126.0s  (φ_mean=0.205 ≥ 0.200)
  [turntable] Phase 4: rotated to 360° at t=126.5s  (φ_mean=0.204 ≥ 0.200)
  [turntable] ── Exposure Schedule ─────────────────────────
      0°:    125.0 s  (2 min 5 s)
     90°:      0.5 s  (0 min 0 s)
    180°:      0.5 s  (0 min 0 s)
    270°:      0.5 s  (0 min 0 s)
    360°:    233.5 s  (3 min 54 s)
    Total:    360.0 s  (6 min 0 s)
Saved time series: /Users/mattmccoy/GaTech Dropbox/Matthew McCoy/mattmccoy-research/research/binderjet/code/geo-prewarp/outputs_eqs/L_shape_turntable_run/time_series.json
  ✓  /Users/mattmccoy/GaTech Dropbox/Matthew McCoy/mattmccoy-research/research/binderjet/code/geo-prewarp/outputs_eqs/L_shape_turntable_run/rf_summary_v5.png
Wrote outputs to: /Users/mattmccoy/GaTech Dropbox/Matthew McCoy/mattmccoy-research/research/binderjet/code/geo-prewarp/outputs_eqs/L_shape_turntable_run
{
  "grid": {
    "nx": 120,
    "ny": 120,
    "dx_m": 0.0005042016806722678,
    "dy_m": 0.0005042016806722678
  },
  "thermal_substeps_per_step": 5,
  "thermal_dt_sub_s": 0.1,
  "integrated_power_doped_W_per_m": 500.0,
  "target_power_doped_W_per_m": 500.0,
  "qrf_scale_applied_final": 8.879659087593758,
  "generator_power_w": 500.0,
  "generator_transfer_efficiency": 0.02,
  "effective_depth_m": 0.02,
  "energy_doped_total_J_per_m": 180000.0,
  "mean_T_part_final_c": 219.43854702532394,
  "max_T_part_final_c": 281.4566663070975,
  "p95_T_part_final_c": 276.46202921609506,
  "p99_T_part_final_c": 280.43519464818553,
  "phase_transition_lo_c": 175.0,
  "phase_transition_hi_c": 185.0,
  "melt_reference_c": 180.0,
  "frac_part_ge_transition_lo": 0.7887485648679678,
  "frac_part_ge_transition_hi": 0.7083811710677382,
  "frac_part_ge_melt_ref": 0.7416762342135477,
  "qrf_global_min_w_per_m3": 0.0,
  "qrf_global_mean_w_per_m3": 136583.71913580305,
  "qrf_global_max_w_per_m3": 58402411.17905166,
  "qrf_part_min_w_per_m3": 188396.32734188077,
  "qrf_part_mean_w_per_m3": 2258100.5230259057,
  "qrf_part_p95_w_per_m3": 6164641.60015152,
  "qrf_part_p99_w_per_m3": 15005029.46565136,
  "qrf_part_max_w_per_m3": 58402411.17905166,
  "frac_part_at_qrf_cap_final": 0.0,
  "frac_part_at_temp_cap": 0.0,
  "ui_abs_part_final": 0.19903414464946684,
  "ui_rms_part_final": 0.22707327648016323,
  "mean_phi_part_final": 0.743304411040816,
  "frac_part_phi_gt_0p1_final": 0.7761194029850746,
  "frac_part_phi_gt_0p5_final": 0.7416762342135477,
  "mean_rho_rel_part_final": 0.8210373949968058,
  "energy_conv_loss_total_J_per_m": 483.85297562071855,
  "energy_stored_part_final_J_per_m": 143388.11199475537,
  "energy_balance_residual_final_J_per_m": 36128.03502962392,
  "mean_dens_rate_part_final_per_s": 0.0007199733681928997,
  "mean_kdens_ss_part_final_per_s": 5.8757029985214184e-08,
  "mean_kdens_liq_part_final_per_s": 0.028024865278843004,
  "max_dT_raw_final_c": 0.06271410864917872,
  "max_dT_used_final_c": 0.06271410864917872,
  "frac_cells_dT_clipped_final": 0.0,
  "frac_cells_dT_clipped_mean": 0.0,
  "time_final_s": 360.0,
  "turntable_phases": [
    {
      "angle_deg": 0,
      "exposure_s": 125.0,
      "exposure_min": 2.0833
    },
    {
      "angle_deg": 90,
      "exposure_s": 0.5,
      "exposure_min": 0.0083
    },
    {
      "angle_deg": 180,
      "exposure_s": 0.5,
      "exposure_min": 0.0083
    },
    {
      "angle_deg": 270,
      "exposure_s": 0.5,
      "exposure_min": 0.0083
    },
    {
      "angle_deg": 360,
      "exposure_s": 233.5,
      "exposure_min": 3.8917
    }
  ]
}
