$ /Library/Frameworks/Python.framework/Versions/3.14/bin/python3 rfam_eqs_coupled.py --config /Users/mattmccoy/GaTech Dropbox/Matthew McCoy/mattmccoy-research/research/binderjet/code/geo-prewarp/configs/_gui_generated/20260302-014818-92c4ae_triangle_tt_20260302_turntable.yaml --output-dir /Users/mattmccoy/GaTech Dropbox/Matthew McCoy/mattmccoy-research/research/binderjet/code/geo-prewarp/outputs_eqs/triangle_tt_20260302
  [turntable] time-based: 60.0° every 46.2s × 12 = 720° total
  [turntable] rotated by +60.0° → cumulative 60.0° at t=46.0s  (φ̄=0.000  ρ̄=0.541)
  [turntable] rotated by +60.0° → cumulative 120.0° at t=92.0s  (φ̄=0.015  ρ̄=0.529)
  [turntable] rotated by +60.0° → cumulative 180.0° at t=138.0s  (φ̄=0.149  ρ̄=0.522)
  [turntable] rotated by +60.0° → cumulative 240.0° at t=184.0s  (φ̄=0.472  ρ̄=0.547)
  [turntable] rotated by +60.0° → cumulative 300.0° at t=230.0s  (φ̄=0.628  ρ̄=0.601)
  [turntable] rotated by +60.0° → cumulative 360.0° at t=276.0s  (φ̄=0.803  ρ̄=0.657)
  [turntable] rotated by +60.0° → cumulative 420.0° at t=322.0s  (φ̄=0.956  ρ̄=0.737)
  [turntable] rotated by +60.0° → cumulative 480.0° at t=368.0s  (φ̄=0.979  ρ̄=0.804)
  [turntable] rotated by +60.0° → cumulative 540.0° at t=414.0s  (φ̄=0.977  ρ̄=0.850)
  [turntable] rotated by +60.0° → cumulative 600.0° at t=460.0s  (φ̄=0.983  ρ̄=0.902)
  [turntable] rotated by +60.0° → cumulative 660.0° at t=506.0s  (φ̄=0.973  ρ̄=0.922)
  [turntable] rotated by +60.0° → cumulative 720.0° at t=552.0s  (φ̄=1.000  ρ̄=0.926)
  [turntable] ── Rotation Schedule ─────────────────────────
    cum +60.0°  at t=   46.0 s  (0 min 46 s)
    cum +120.0°  at t=   92.0 s  (1 min 32 s)
    cum +180.0°  at t=  138.0 s  (2 min 18 s)
    cum +240.0°  at t=  184.0 s  (3 min 4 s)
    cum +300.0°  at t=  230.0 s  (3 min 50 s)
    cum +360.0°  at t=  276.0 s  (4 min 36 s)
    cum +420.0°  at t=  322.0 s  (5 min 22 s)
    cum +480.0°  at t=  368.0 s  (6 min 8 s)
    cum +540.0°  at t=  414.0 s  (6 min 54 s)
    cum +600.0°  at t=  460.0 s  (7 min 40 s)
    cum +660.0°  at t=  506.0 s  (8 min 26 s)
    cum +720.0°  at t=  552.0 s  (9 min 12 s)
  [turntable] total rotation: 720.0°  over 600 s
Saved time series: /Users/mattmccoy/GaTech Dropbox/Matthew McCoy/mattmccoy-research/research/binderjet/code/geo-prewarp/outputs_eqs/triangle_tt_20260302/time_series.json
Saved GIF: /Users/mattmccoy/GaTech Dropbox/Matthew McCoy/mattmccoy-research/research/binderjet/code/geo-prewarp/outputs_eqs/triangle_tt_20260302/turntable_electric.gif
Saved GIF: /Users/mattmccoy/GaTech Dropbox/Matthew McCoy/mattmccoy-research/research/binderjet/code/geo-prewarp/outputs_eqs/triangle_tt_20260302/turntable_thermal.gif
Saved GIF: /Users/mattmccoy/GaTech Dropbox/Matthew McCoy/mattmccoy-research/research/binderjet/code/geo-prewarp/outputs_eqs/triangle_tt_20260302/turntable_density.gif
  ✓  /Users/mattmccoy/GaTech Dropbox/Matthew McCoy/mattmccoy-research/research/binderjet/code/geo-prewarp/outputs_eqs/triangle_tt_20260302/rf_summary_v5.png
Wrote outputs to: /Users/mattmccoy/GaTech Dropbox/Matthew McCoy/mattmccoy-research/research/binderjet/code/geo-prewarp/outputs_eqs/triangle_tt_20260302
{
  "grid": {
    "nx": 120,
    "ny": 120,
    "dx_m": 0.0005042016806722678,
    "dy_m": 0.0005042016806722678
  },
  "thermal_substeps_per_step": 5,
  "thermal_dt_sub_s": 0.1,
  "integrated_power_doped_W_per_m": 500.0,
  "target_power_doped_W_per_m": 500.0,
  "qrf_scale_applied_final": 12.213764474567268,
  "generator_power_w": 500.0,
  "generator_transfer_efficiency": 0.02,
  "effective_depth_m": 0.02,
  "energy_doped_total_J_per_m": 300000.0,
  "mean_T_part_final_c": 241.472787844501,
  "max_T_part_final_c": 265.39204906852643,
  "p95_T_part_final_c": 261.89797049688025,
  "p99_T_part_final_c": 264.64639651252776,
  "phase_transition_lo_c": 175.0,
  "phase_transition_hi_c": 185.0,
  "melt_reference_c": 180.0,
  "frac_part_ge_transition_lo": 1.0,
  "frac_part_ge_transition_hi": 1.0,
  "frac_part_ge_melt_ref": 1.0,
  "qrf_global_min_w_per_m3": 0.0,
  "qrf_global_mean_w_per_m3": 136583.71913580305,
  "qrf_global_max_w_per_m3": 45639954.42176954,
  "qrf_part_min_w_per_m3": 462951.1226499065,
  "qrf_part_mean_w_per_m3": 2458506.9444444547,
  "qrf_part_p95_w_per_m3": 8257301.830951027,
  "qrf_part_p99_w_per_m3": 14999106.401008178,
  "qrf_part_max_w_per_m3": 45639954.42176954,
  "frac_part_at_qrf_cap_final": 0.0,
  "frac_part_at_temp_cap": 0.0,
  "ui_abs_part_final": 0.049508262831086156,
  "ui_rms_part_final": 0.060452309072255475,
  "mean_phi_part_final": 1.0,
  "frac_part_phi_gt_0p1_final": 1.0,
  "frac_part_phi_gt_0p5_final": 1.0,
  "mean_rho_rel_part_final": 0.9637504086561735,
  "energy_conv_loss_total_J_per_m": 2436.0213141086065,
  "energy_stored_part_final_J_per_m": 167012.54310288464,
  "energy_balance_residual_final_J_per_m": 130551.43558300674,
  "mean_dens_rate_part_final_per_s": 0.0007434474449419273,
  "mean_kdens_ss_part_final_per_s": 6.932589648104157e-08,
  "mean_kdens_liq_part_final_per_s": 0.03177802645874065,
  "max_dT_raw_final_c": 0.4879666508790463,
  "max_dT_used_final_c": 0.4879666508790463,
  "frac_cells_dT_clipped_final": 0.0,
  "frac_cells_dT_clipped_mean": 0.00011805555555555555,
  "time_final_s": 600.0,
  "turntable_rotations": [
    {
      "cum_angle_deg": 60.0,
      "event_time_s": 46.0,
      "event_time_min": 0.7667
    },
    {
      "cum_angle_deg": 120.0,
      "event_time_s": 92.0,
      "event_time_min": 1.5333
    },
    {
      "cum_angle_deg": 180.0,
      "event_time_s": 138.0,
      "event_time_min": 2.3
    },
    {
      "cum_angle_deg": 240.0,
      "event_time_s": 184.0,
      "event_time_min": 3.0667
    },
    {
      "cum_angle_deg": 300.0,
      "event_time_s": 230.0,
      "event_time_min": 3.8333
    },
    {
      "cum_angle_deg": 360.0,
      "event_time_s": 276.0,
      "event_time_min": 4.6
    },
    {
      "cum_angle_deg": 420.0,
      "event_time_s": 322.0,
      "event_time_min": 5.3667
    },
    {
      "cum_angle_deg": 480.0,
      "event_time_s": 368.0,
      "event_time_min": 6.1333
    },
    {
      "cum_angle_deg": 540.0,
      "event_time_s": 414.0,
      "event_time_min": 6.9
    },
    {
      "cum_angle_deg": 600.0,
      "event_time_s": 460.0,
      "event_time_min": 7.6667
    },
    {
      "cum_angle_deg": 660.0,
      "event_time_s": 506.0,
      "event_time_min": 8.4333
    },
    {
      "cum_angle_deg": 720.0,
      "event_time_s": 552.0,
      "event_time_min": 9.2
    }
  ],
  "turntable_total_rotation_deg": 720.0
}
