$ /Library/Frameworks/Python.framework/Versions/3.14/bin/python3 rfam_eqs_coupled.py --config /Users/mattmccoy/GaTech Dropbox/Matthew McCoy/mattmccoy-research/research/binderjet/code/geo-prewarp/configs/_gui_generated/20260302-012226-f4dc40_triangle_6xrot_60deg_turntable.yaml --output-dir /Users/mattmccoy/GaTech Dropbox/Matthew McCoy/mattmccoy-research/research/binderjet/code/geo-prewarp/outputs_eqs/triangle_6xrot_60deg
  [turntable] time-based: 60.0° every 51.4s × 6 = 360° total
  [turntable] rotated by +60.0° → cumulative 60.0° at t=51.5s  (φ̄=0.000  ρ̄=0.541)
  [turntable] rotated by +60.0° → cumulative 120.0° at t=103.0s  (φ̄=0.019  ρ̄=0.530)
  [turntable] rotated by +60.0° → cumulative 180.0° at t=154.5s  (φ̄=0.234  ρ̄=0.527)
  [turntable] rotated by +60.0° → cumulative 240.0° at t=206.0s  (φ̄=0.623  ρ̄=0.572)
  [turntable] rotated by +60.0° → cumulative 300.0° at t=257.5s  (φ̄=0.720  ρ̄=0.650)
  [turntable] rotated by +60.0° → cumulative 360.0° at t=309.0s  (φ̄=0.905  ρ̄=0.720)
  [turntable] ── Rotation Schedule ─────────────────────────
    cum +60.0°  at t=   51.5 s  (0 min 52 s)
    cum +120.0°  at t=  103.0 s  (1 min 43 s)
    cum +180.0°  at t=  154.5 s  (2 min 34 s)
    cum +240.0°  at t=  206.0 s  (3 min 26 s)
    cum +300.0°  at t=  257.5 s  (4 min 18 s)
    cum +360.0°  at t=  309.0 s  (5 min 9 s)
  [turntable] total rotation: 360.0°  over 360 s
Saved time series: /Users/mattmccoy/GaTech Dropbox/Matthew McCoy/mattmccoy-research/research/binderjet/code/geo-prewarp/outputs_eqs/triangle_6xrot_60deg/time_series.json
  ✓  /Users/mattmccoy/GaTech Dropbox/Matthew McCoy/mattmccoy-research/research/binderjet/code/geo-prewarp/outputs_eqs/triangle_6xrot_60deg/rf_summary_v5.png
Wrote outputs to: /Users/mattmccoy/GaTech Dropbox/Matthew McCoy/mattmccoy-research/research/binderjet/code/geo-prewarp/outputs_eqs/triangle_6xrot_60deg
{
  "grid": {
    "nx": 120,
    "ny": 120,
    "dx_m": 0.0005042016806722678,
    "dy_m": 0.0005042016806722678
  },
  "thermal_substeps_per_step": 5,
  "thermal_dt_sub_s": 0.1,
  "integrated_power_doped_W_per_m": 500.0,
  "target_power_doped_W_per_m": 500.0,
  "qrf_scale_applied_final": 12.213764474567268,
  "generator_power_w": 500.0,
  "generator_transfer_efficiency": 0.02,
  "effective_depth_m": 0.02,
  "energy_doped_total_J_per_m": 180000.0,
  "mean_T_part_final_c": 209.7349864581832,
  "max_T_part_final_c": 228.8284967488795,
  "p95_T_part_final_c": 225.7844250258453,
  "p99_T_part_final_c": 227.5820098937525,
  "phase_transition_lo_c": 175.0,
  "phase_transition_hi_c": 185.0,
  "melt_reference_c": 180.0,
  "frac_part_ge_transition_lo": 1.0,
  "frac_part_ge_transition_hi": 0.9825,
  "frac_part_ge_melt_ref": 0.99875,
  "qrf_global_min_w_per_m3": 0.0,
  "qrf_global_mean_w_per_m3": 136583.71913580305,
  "qrf_global_max_w_per_m3": 45639954.42176954,
  "qrf_part_min_w_per_m3": 462951.1226499065,
  "qrf_part_mean_w_per_m3": 2458506.9444444547,
  "qrf_part_p95_w_per_m3": 8257301.830951027,
  "qrf_part_p99_w_per_m3": 14999106.401008178,
  "qrf_part_max_w_per_m3": 45639954.42176954,
  "frac_part_at_qrf_cap_final": 0.0,
  "frac_part_at_temp_cap": 0.0,
  "ui_abs_part_final": 0.04909961868182908,
  "ui_rms_part_final": 0.05955412701002315,
  "mean_phi_part_final": 0.9962967300950569,
  "frac_part_phi_gt_0p1_final": 1.0,
  "frac_part_phi_gt_0p5_final": 0.99875,
  "mean_rho_rel_part_final": 0.8126695821755218,
  "energy_conv_loss_total_J_per_m": 527.8648246374146,
  "energy_stored_part_final_J_per_m": 145251.18204381483,
  "energy_balance_residual_final_J_per_m": 34220.95313154775,
  "mean_dens_rate_part_final_per_s": 0.0019819404939738854,
  "mean_kdens_ss_part_final_per_s": 3.306968279453799e-08,
  "mean_kdens_liq_part_final_per_s": 0.012582152680377792,
  "max_dT_raw_final_c": 0.5743790705597541,
  "max_dT_used_final_c": 0.5743790705597541,
  "frac_cells_dT_clipped_final": 0.0,
  "frac_cells_dT_clipped_mean": 7.866512345679013e-05,
  "time_final_s": 360.0,
  "turntable_rotations": [
    {
      "cum_angle_deg": 60.0,
      "event_time_s": 51.5,
      "event_time_min": 0.8583
    },
    {
      "cum_angle_deg": 120.0,
      "event_time_s": 103.0,
      "event_time_min": 1.7167
    },
    {
      "cum_angle_deg": 180.0,
      "event_time_s": 154.5,
      "event_time_min": 2.575
    },
    {
      "cum_angle_deg": 240.0,
      "event_time_s": 206.0,
      "event_time_min": 3.4333
    },
    {
      "cum_angle_deg": 300.0,
      "event_time_s": 257.5,
      "event_time_min": 4.2917
    },
    {
      "cum_angle_deg": 360.0,
      "event_time_s": 309.0,
      "event_time_min": 5.15
    }
  ],
  "turntable_total_rotation_deg": 360.0
}
